<?xml version="1.0" encoding="utf-8" standalone="no"?>
<!--This file represents the results of running a test suite-->
<test-results name="C:\Sandbox\NACHAFileMake\NACHAFileMake_Test\bin\x86\Debug\NACHAFileMake_Test.dll" total="2" errors="0" failures="0" not-run="0" inconclusive="0" ignored="0" skipped="0" invalid="0" date="2014-10-15" time="21:52:13">
  <environment nunit-version="2.6.3.13283" clr-version="4.0.30319.18444" os-version="Microsoft Windows NT 6.1.7601 Service Pack 1" platform="Win32NT" cwd="C:\Sandbox\NACHAFileMake\NACHAFileMake_Test\bin\x86\Debug" machine-name="LAP267" user="jgust" user-domain="DDS" />
  <culture-info current-culture="en-US" current-uiculture="en-US" />
  <test-suite type="Assembly" name="C:\Sandbox\NACHAFileMake\NACHAFileMake_Test\bin\x86\Debug\NACHAFileMake_Test.dll" executed="True" result="Success" success="True" time="661.762" asserts="0">
    <results>
      <test-suite type="Namespace" name="NACHAFileMake_Test" executed="True" result="Success" success="True" time="661.755" asserts="0">
        <results>
          <test-suite type="TestFixture" name="File_fixture" executed="True" result="Success" success="True" time="661.754" asserts="0">
            <results>
              <test-case name="NACHAFileMake_Test.File_fixture.test_batchHeader_ToString" executed="True" result="Success" success="True" time="209.593" asserts="1" />
              <test-case name="NACHAFileMake_Test.File_fixture.test_fileHeader_ToString" executed="True" result="Success" success="True" time="452.141" asserts="1" />
            </results>
          </test-suite>
        </results>
      </test-suite>
    </results>
  </test-suite>
</test-results>